[0.067s] Invoking command in '/root/ros2_ws/src/build/px4_ros_com': AMENT_PREFIX_PATH=/root/ros2_ws/src/install/px4_msgs:${AMENT_PREFIX_PATH} CMAKE_PREFIX_PATH=/root/ros2_ws/src/install/px4_msgs:/opt/ros/foxy LD_LIBRARY_PATH=/root/ros2_ws/src/install/px4_msgs/lib:${LD_LIBRARY_PATH} PYTHONPATH=/root/ros2_ws/src/install/px4_msgs/lib/python3.8/site-packages:${PYTHONPATH} /usr/local/bin/cmake --build /root/ros2_ws/src/build/px4_ros_com -- -j4 -l4
[0.287s] [ 11%] Built target frame_transforms
[0.319s] [ 22%] Built target vehicle_gps_position_listener
[0.332s] [ 33%] Built target debug_vect_advertiser
[0.363s] [ 44%] Built target sensor_combined_listener
[0.516s] [ 55%] Built target autoencoder_input_data_advertiser
[0.535s] [ 66%] Built target failuire_detector
[0.560s] [ 72%] [32mBuilding CXX object CMakeFiles/autoencoder_output_data_advertiser.dir/src/examples/advertisers/autoencoder_output_data_advertiser.cpp.o[0m
[0.567s] [ 83%] Built target offboard_control
[0.585s] [ 88%] [32mBuilding CXX object CMakeFiles/offboard_control_srv.dir/src/examples/offboard/offboard_control_srv.cpp.o[0m
[7.195s] [01m[K/root/ros2_ws/src/px4_ros_com/src/examples/advertisers/autoencoder_output_data_advertiser.cpp:[m[K In member function ‘[01m[Kvoid AutoencoderOutputDataAdvertiser::callback(std_msgs::msg::Float64_<std::allocator<void> >::SharedPtr)[m[K’:
[7.196s] [01m[K/root/ros2_ws/src/px4_ros_com/src/examples/advertisers/autoencoder_output_data_advertiser.cpp:30:33:[m[K [01;31m[Kerror: [m[Krequest for member ‘[01m[Ksize[m[K’ in ‘[01m[K((const std::__shared_ptr_access<std_msgs::msg::Float64_<std::allocator<void> >, __gnu_cxx::_S_atomic, false, false>*)(& msg))->std::__shared_ptr_access<std_msgs::msg::Float64_<std::allocator<void> >, __gnu_cxx::_S_atomic, false, false>::operator->()->std_msgs::msg::Float64_<std::allocator<void> >::data[m[K’, which is of non-class type ‘[01m[Kstd_msgs::msg::Float64_<std::allocator<void> >::_data_type[m[K’ {aka ‘[01m[Kdouble[m[K’}
[7.202s]    30 |         size_t size = msg->data.[01;31m[Ksize[m[K();
[7.203s]       |                                 [01;31m[K^~~~[m[K
[7.204s] [01m[K/root/ros2_ws/src/px4_ros_com/src/examples/advertisers/autoencoder_output_data_advertiser.cpp:37:35:[m[K [01;31m[Kerror: [m[Kinvalid types ‘[01m[Kstd_msgs::msg::Float64_<std::allocator<void> >::_data_type {aka double}[size_t {aka long unsigned int}][m[K’ for array subscript
[7.205s]    37 |                 x[i] = msg->data[i[01;31m[K][m[K;
[7.205s]       |                                   [01;31m[K^[m[K
[7.206s] [01m[K/root/ros2_ws/src/px4_ros_com/src/examples/advertisers/autoencoder_output_data_advertiser.cpp:38:44:[m[K [01;31m[Kerror: [m[Kinvalid types ‘[01m[Kstd_msgs::msg::Float64_<std::allocator<void> >::_data_type {aka double}[size_t {aka long unsigned int}][m[K’ for array subscript
[7.207s]    38 |                 x_hat[i] = msg->data[i + 12[01;31m[K][m[K;
[7.207s]       |                                            [01;31m[K^[m[K
[7.208s] [01m[K/root/ros2_ws/src/px4_ros_com/src/examples/advertisers/autoencoder_output_data_advertiser.cpp:47:29:[m[K [01;31m[Kerror: [m[Kno match for ‘[01m[Koperator=[m[K’ (operand types are ‘[01m[Kpx4_msgs::msg::AutoencoderOutputs_<std::allocator<void> >::_x_type[m[K’ {aka ‘[01m[Kstd::array<float, 12>[m[K’} and ‘[01m[Kstd::vector<double, std::allocator<double> >[m[K’)
[7.210s]    47 |         autoencoder_msg.x = [01;31m[Kx[m[K;
[7.211s]       |                             [01;31m[K^[m[K
[7.212s] In file included from [01m[K/usr/include/c++/9/tuple:39[m[K,
[7.213s]                  from [01m[K/usr/include/c++/9/bits/unique_ptr.h:37[m[K,
[7.213s]                  from [01m[K/usr/include/c++/9/memory:80[m[K,
[7.214s]                  from [01m[K/opt/ros/foxy/include/rclcpp/rclcpp.hpp:144[m[K,
[7.215s]                  from [01m[K/root/ros2_ws/src/px4_ros_com/src/examples/advertisers/autoencoder_output_data_advertiser.cpp:1[m[K:
[7.215s] [01m[K/usr/include/c++/9/array:94:12:[m[K [01;36m[Knote: [m[Kcandidate: ‘[01m[Kconstexpr std::array<float, 12>& std::array<float, 12>::operator=(const std::array<float, 12>&)[m[K’
[7.216s]    94 |     struct [01;36m[Karray[m[K
[7.217s]       |            [01;36m[K^~~~~[m[K
[7.218s] [01m[K/usr/include/c++/9/array:94:12:[m[K [01;36m[Knote: [m[K  no known conversion for argument 1 from ‘[01m[Kstd::vector<double, std::allocator<double> >[m[K’ to ‘[01m[Kconst std::array<float, 12>&[m[K’
[7.219s] [01m[K/usr/include/c++/9/array:94:12:[m[K [01;36m[Knote: [m[Kcandidate: ‘[01m[Kconstexpr std::array<float, 12>& std::array<float, 12>::operator=(std::array<float, 12>&&)[m[K’
[7.219s] [01m[K/usr/include/c++/9/array:94:12:[m[K [01;36m[Knote: [m[K  no known conversion for argument 1 from ‘[01m[Kstd::vector<double, std::allocator<double> >[m[K’ to ‘[01m[Kstd::array<float, 12>&&[m[K’
[7.220s] [01m[K/root/ros2_ws/src/px4_ros_com/src/examples/advertisers/autoencoder_output_data_advertiser.cpp:48:33:[m[K [01;31m[Kerror: [m[Kno match for ‘[01m[Koperator=[m[K’ (operand types are ‘[01m[Kpx4_msgs::msg::AutoencoderOutputs_<std::allocator<void> >::_x_hat_type[m[K’ {aka ‘[01m[Kstd::array<float, 12>[m[K’} and ‘[01m[Kstd::vector<double, std::allocator<double> >[m[K’)
[7.221s]    48 |         autoencoder_msg.x_hat = [01;31m[Kx_hat[m[K;
[7.222s]       |                                 [01;31m[K^~~~~[m[K
[7.222s] In file included from [01m[K/usr/include/c++/9/tuple:39[m[K,
[7.223s]                  from [01m[K/usr/include/c++/9/bits/unique_ptr.h:37[m[K,
[7.223s]                  from [01m[K/usr/include/c++/9/memory:80[m[K,
[7.224s]                  from [01m[K/opt/ros/foxy/include/rclcpp/rclcpp.hpp:144[m[K,
[7.226s]                  from [01m[K/root/ros2_ws/src/px4_ros_com/src/examples/advertisers/autoencoder_output_data_advertiser.cpp:1[m[K:
[7.226s] [01m[K/usr/include/c++/9/array:94:12:[m[K [01;36m[Knote: [m[Kcandidate: ‘[01m[Kconstexpr std::array<float, 12>& std::array<float, 12>::operator=(const std::array<float, 12>&)[m[K’
[7.227s]    94 |     struct [01;36m[Karray[m[K
[7.228s]       |            [01;36m[K^~~~~[m[K
[7.229s] [01m[K/usr/include/c++/9/array:94:12:[m[K [01;36m[Knote: [m[K  no known conversion for argument 1 from ‘[01m[Kstd::vector<double, std::allocator<double> >[m[K’ to ‘[01m[Kconst std::array<float, 12>&[m[K’
[7.229s] [01m[K/usr/include/c++/9/array:94:12:[m[K [01;36m[Knote: [m[Kcandidate: ‘[01m[Kconstexpr std::array<float, 12>& std::array<float, 12>::operator=(std::array<float, 12>&&)[m[K’
[7.230s] [01m[K/usr/include/c++/9/array:94:12:[m[K [01;36m[Knote: [m[K  no known conversion for argument 1 from ‘[01m[Kstd::vector<double, std::allocator<double> >[m[K’ to ‘[01m[Kstd::array<float, 12>&&[m[K’
[14.337s] make[2]: *** [CMakeFiles/autoencoder_output_data_advertiser.dir/build.make:76: CMakeFiles/autoencoder_output_data_advertiser.dir/src/examples/advertisers/autoencoder_output_data_advertiser.cpp.o] Error 1
[14.339s] make[1]: *** [CMakeFiles/Makefile2:309: CMakeFiles/autoencoder_output_data_advertiser.dir/all] Error 2
[14.339s] make[1]: *** Waiting for unfinished jobs....
[18.859s] [ 94%] [32m[1mLinking CXX executable offboard_control_srv[0m
[19.808s] [ 94%] Built target offboard_control_srv
[19.811s] make: *** [Makefile:146: all] Error 2
[19.817s] Invoked command in '/root/ros2_ws/src/build/px4_ros_com' returned '2': AMENT_PREFIX_PATH=/root/ros2_ws/src/install/px4_msgs:${AMENT_PREFIX_PATH} CMAKE_PREFIX_PATH=/root/ros2_ws/src/install/px4_msgs:/opt/ros/foxy LD_LIBRARY_PATH=/root/ros2_ws/src/install/px4_msgs/lib:${LD_LIBRARY_PATH} PYTHONPATH=/root/ros2_ws/src/install/px4_msgs/lib/python3.8/site-packages:${PYTHONPATH} /usr/local/bin/cmake --build /root/ros2_ws/src/build/px4_ros_com -- -j4 -l4
